<?xml version="1.0" encoding="UTF-8"?>
<testng-results skipped="0" failed="0" ignored="0" total="1" passed="1">
  <reporter-output>
    <line>
      <![CDATA[CreateCustomer]]>
    </line>
  </reporter-output>
  <suite name="Default suite" duration-ms="105" started-at="2020-09-11T15:36:16 IST" finished-at="2020-09-11T15:36:16 IST">
    <groups>
    </groups>
    <test name="Default test" duration-ms="105" started-at="2020-09-11T15:36:16 IST" finished-at="2020-09-11T15:36:16 IST">
      <class name="com.actitime.test.CreateCustomer">
        <test-method status="PASS" signature="testCreateCustomer()[pri:0, instance:com.actitime.test.CreateCustomer@9660f4e]" name="testCreateCustomer" duration-ms="16" started-at="2020-09-11T15:36:16 IST" finished-at="2020-09-11T15:36:16 IST">
          <reporter-output>
            <line>
              <![CDATA[CreateCustomer]]>
            </line>
          </reporter-output>
        </test-method> <!-- testCreateCustomer -->
      </class> <!-- com.actitime.test.CreateCustomer -->
    </test> <!-- Default test -->
  </suite> <!-- Default suite -->
</testng-results>
